<?xml version="1.0" encoding="UTF-8"?>
<!-- Generated by org.testng.reporters.JUnitReportReporter -->
<testsuite hostname="DESKTOP-HQV51JQ" failures="0" tests="1" name="testCases.TC_003_LoginDDT" time="0.000" errors="0" timestamp="2024-02-28T14:03:25 IST" skipped="1">
  <testcase classname="testCases.TC_003_LoginDDT" name="verifyloginddt" time="0.000">
    <skipped/>
  </testcase> <!-- verifyloginddt -->
  <system-out/>
</testsuite> <!-- testCases.TC_003_LoginDDT -->
