<?xml version="1.0" encoding="UTF-8"?>
<!-- Generated by org.testng.reporters.JUnitReportReporter -->
<testsuite hostname="DESKTOP-HQV51JQ" failures="0" tests="1" name="testCases.TC_002_LoginTest" time="1.427" errors="0" timestamp="2024-02-29T12:32:50 IST" skipped="0">
  <testcase classname="testCases.TC_002_LoginTest" name="verifyLogin" time="1.427"/>
  <system-out/>
</testsuite> <!-- testCases.TC_002_LoginTest -->
