<?xml version="1.0" encoding="UTF-8"?>
<!-- Generated by org.testng.reporters.JUnitReportReporter -->
<testsuite hostname="DESKTOP-HQV51JQ" failures="0" tests="1" name="testCases.TC_001_AccountRegistrationTest" time="1.753" errors="0" timestamp="2024-03-04T11:14:01 IST" skipped="0">
  <testcase classname="testCases.TC_001_AccountRegistrationTest" name="verifyaccountregistration" time="1.753"/>
</testsuite> <!-- testCases.TC_001_AccountRegistrationTest -->
